<?xml version="1.0" encoding="UTF-8"?>
<!-- Generated by org.testng.reporters.JUnitXMLReporter -->
<testsuite ignored="0" hostname="Bhagyashree" failures="0" tests="5" name="Default test" time="44.405" errors="0" timestamp="2023-12-07T22:10:01 IST">
  <testcase classname="TestNGAnnotationPackage.ActiTimeDataProviderFlag" name="invalidLoginMethod" time="6.895"/>
  <testcase classname="TestNGAnnotationPackage.ActiTimeDataProviderFlag" name="invalidLoginMethod" time="9.06"/>
  <testcase classname="TestNGAnnotationPackage.ActiTimeDataProviderFlag" name="invalidLoginMethod" time="7.273"/>
  <testcase classname="TestNGAnnotationPackage.ActiTimeDataProviderFlag" name="invalidLoginMethod" time="12.86"/>
  <testcase classname="TestNGAnnotationPackage.ActiTimeDataProviderFlag" name="invalidLoginMethod" time="8.226"/>
</testsuite> <!-- Default test -->
