<?xml version="1.0" encoding="UTF-8"?>
<testng-results ignored="0" total="5" passed="5" failed="0" skipped="0">
  <reporter-output>
  </reporter-output>
  <suite started-at="2023-12-07T22:09:16 IST" name="Default suite" finished-at="2023-12-07T22:10:01 IST" duration-ms="44405">
    <groups>
    </groups>
    <test started-at="2023-12-07T22:09:16 IST" name="Default test" finished-at="2023-12-07T22:10:01 IST" duration-ms="44405">
      <class name="TestNGAnnotationPackage.ActiTimeDataProviderFlag">
        <test-method signature="invalidLoginMethod(java.lang.String,java.lang.String)[pri:0, instance:TestNGAnnotationPackage.ActiTimeDataProviderFlag@55634720]" started-at="2023-12-07T22:09:16 IST" name="invalidLoginMethod" data-provider="TestData" finished-at="2023-12-07T22:09:23 IST" duration-ms="6895" status="PASS">
          <params>
            <param index="0">
              <value>
                <![CDATA[ad_min]]>
              </value>
            </param>
            <param index="1">
              <value>
                <![CDATA[mana_ger]]>
              </value>
            </param>
          </params>
          <reporter-output>
          </reporter-output>
        </test-method> <!-- invalidLoginMethod -->
        <test-method signature="invalidLoginMethod(java.lang.String,java.lang.String)[pri:0, instance:TestNGAnnotationPackage.ActiTimeDataProviderFlag@55634720]" started-at="2023-12-07T22:09:23 IST" name="invalidLoginMethod" data-provider="TestData" finished-at="2023-12-07T22:09:32 IST" duration-ms="9060" status="PASS">
          <params>
            <param index="0">
              <value>
                <![CDATA[ad123]]>
              </value>
            </param>
            <param index="1">
              <value>
                <![CDATA[mana123]]>
              </value>
            </param>
          </params>
          <reporter-output>
          </reporter-output>
        </test-method> <!-- invalidLoginMethod -->
        <test-method signature="invalidLoginMethod(java.lang.String,java.lang.String)[pri:0, instance:TestNGAnnotationPackage.ActiTimeDataProviderFlag@55634720]" started-at="2023-12-07T22:09:32 IST" name="invalidLoginMethod" data-provider="TestData" finished-at="2023-12-07T22:09:40 IST" duration-ms="7273" status="PASS">
          <params>
            <param index="0">
              <value>
                <![CDATA[456min]]>
              </value>
            </param>
            <param index="1">
              <value>
                <![CDATA[456ger]]>
              </value>
            </param>
          </params>
          <reporter-output>
          </reporter-output>
        </test-method> <!-- invalidLoginMethod -->
        <test-method signature="invalidLoginMethod(java.lang.String,java.lang.String)[pri:0, instance:TestNGAnnotationPackage.ActiTimeDataProviderFlag@55634720]" started-at="2023-12-07T22:09:40 IST" name="invalidLoginMethod" data-provider="TestData" finished-at="2023-12-07T22:09:52 IST" duration-ms="12860" status="PASS">
          <params>
            <param index="0">
              <value>
                <![CDATA[min]]>
              </value>
            </param>
            <param index="1">
              <value>
                <![CDATA[add]]>
              </value>
            </param>
          </params>
          <reporter-output>
          </reporter-output>
        </test-method> <!-- invalidLoginMethod -->
        <test-method signature="invalidLoginMethod(java.lang.String,java.lang.String)[pri:0, instance:TestNGAnnotationPackage.ActiTimeDataProviderFlag@55634720]" started-at="2023-12-07T22:09:52 IST" name="invalidLoginMethod" data-provider="TestData" finished-at="2023-12-07T22:10:01 IST" duration-ms="8226" status="PASS">
          <params>
            <param index="0">
              <value>
                <![CDATA[manager]]>
              </value>
            </param>
            <param index="1">
              <value>
                <![CDATA[admin]]>
              </value>
            </param>
          </params>
          <reporter-output>
          </reporter-output>
        </test-method> <!-- invalidLoginMethod -->
      </class> <!-- TestNGAnnotationPackage.ActiTimeDataProviderFlag -->
    </test> <!-- Default test -->
  </suite> <!-- Default suite -->
</testng-results>
